[INFO  - 2017-04-21T09:13:31.574Z] GhostDriver - Main - running on port 7916
[INFO  - 2017-04-21T09:13:35.021Z] Session [cc14c550-2672-11e7-9008-03bd7e60f9c7] - page.settings - {"XSSAuditingEnabled":false,"javascriptCanCloseWindows":true,"javascriptCanOpenWindows":true,"javascriptEnabled":true,"loadImages":true,"localToRemoteUrlAccessEnabled":false,"userAgent":"Mozilla/5.0 (Windows NT 6.2; WOW64) AppleWebKit/538.1 (KHTML, like Gecko) PhantomJS/2.1.1 Safari/538.1","webSecurityEnabled":true}
[INFO  - 2017-04-21T09:13:35.021Z] Session [cc14c550-2672-11e7-9008-03bd7e60f9c7] - page.customHeaders:  - {}
[INFO  - 2017-04-21T09:13:35.021Z] Session [cc14c550-2672-11e7-9008-03bd7e60f9c7] - Session.negotiatedCapabilities - {"browserName":"phantomjs","version":"2.1.1","driverName":"ghostdriver","driverVersion":"1.2.0","platform":"windows-10-32bit","javascriptEnabled":true,"takesScreenshot":true,"handlesAlerts":false,"databaseEnabled":false,"locationContextEnabled":false,"applicationCacheEnabled":false,"browserConnectionEnabled":false,"cssSelectorsEnabled":true,"webStorageEnabled":false,"rotatable":false,"acceptSslCerts":false,"nativeEvents":true,"proxy":{"proxyType":"direct"}}
[INFO  - 2017-04-21T09:13:35.021Z] SessionManagerReqHand - _postNewSessionCommand - New Session Created: cc14c550-2672-11e7-9008-03bd7e60f9c7
[ERROR - 2017-04-21T09:13:43.774Z] Session [cc14c550-2672-11e7-9008-03bd7e60f9c7] - page.onError - msg: ReferenceError: Can't find variable: Promise

  phantomjs://platform/console++.js:263 in error
[ERROR - 2017-04-21T09:13:43.775Z] Session [cc14c550-2672-11e7-9008-03bd7e60f9c7] - page.onError - stack:
  _loadABPScript (https://assets.tumblr.com/client/prod/standalone/tumblelog/index.build.js?_v=b4f43a35688f997789589edddeda97c1:53)
  initialize (https://assets.tumblr.com/client/prod/standalone/tumblelog/index.build.js?_v=b4f43a35688f997789589edddeda97c1:53)
  constructor (https://assets.tumblr.com/client/prod/standalone/tumblelog/index.build.js?_v=b4f43a35688f997789589edddeda97c1:1)
  (anonymous function) (https://assets.tumblr.com/client/prod/standalone/tumblelog/index.build.js?_v=b4f43a35688f997789589edddeda97c1:3)
  initializeAdBlockDetection (https://assets.tumblr.com/client/prod/standalone/tumblelog/index.build.js?_v=b4f43a35688f997789589edddeda97c1:46)
  index (https://assets.tumblr.com/client/prod/standalone/tumblelog/index.build.js?_v=b4f43a35688f997789589edddeda97c1:46)
  executeContext (https://assets.tumblr.com/client/prod/standalone/tumblelog/index.build.js?_v=b4f43a35688f997789589edddeda97c1:46)
  initialize (https://assets.tumblr.com/client/prod/standalone/tumblelog/index.build.js?_v=b4f43a35688f997789589edddeda97c1:46)
  constructor (https://assets.tumblr.com/client/prod/standalone/tumblelog/index.build.js?_v=b4f43a35688f997789589edddeda97c1:46)
  (anonymous function) (https://assets.tumblr.com/client/prod/standalone/tumblelog/index.build.js?_v=b4f43a35688f997789589edddeda97c1:46)
  t (https://assets.tumblr.com/client/prod/standalone/tumblelog/index.build.js?_v=b4f43a35688f997789589edddeda97c1:1)
  (anonymous function) (https://assets.tumblr.com/client/prod/standalone/tumblelog/index.build.js?_v=b4f43a35688f997789589edddeda97c1:1)
  t (https://assets.tumblr.com/client/prod/standalone/tumblelog/index.build.js?_v=b4f43a35688f997789589edddeda97c1:1)
  (anonymous function) (https://assets.tumblr.com/client/prod/standalone/tumblelog/index.build.js?_v=b4f43a35688f997789589edddeda97c1:1)

  phantomjs://platform/console++.js:263 in error
[ERROR - 2017-04-21T09:13:46.298Z] Session [cc14c550-2672-11e7-9008-03bd7e60f9c7] - page.onError - msg: VIDEOJS: ERROR: (CODE:4 MEDIA_ERR_SRC_NOT_SUPPORTED) No compatible source was found for this media. [object Object]

  phantomjs://platform/console++.js:263 in error
[ERROR - 2017-04-21T09:13:46.298Z] Session [cc14c550-2672-11e7-9008-03bd7e60f9c7] - page.onError - stack:
  apply (:0)

  phantomjs://platform/console++.js:263 in error
[ERROR - 2017-04-21T09:13:46.304Z] Session [cc14c550-2672-11e7-9008-03bd7e60f9c7] - page.onError - msg: VIDEOJS: ERROR: (CODE:4 MEDIA_ERR_SRC_NOT_SUPPORTED) No compatible source was found for this media. [object Object]

  phantomjs://platform/console++.js:263 in error
[ERROR - 2017-04-21T09:13:46.304Z] Session [cc14c550-2672-11e7-9008-03bd7e60f9c7] - page.onError - stack:
  apply (:0)

  phantomjs://platform/console++.js:263 in error
[INFO  - 2017-04-21T09:18:31.573Z] SessionManagerReqHand - _cleanupWindowlessSessions - Asynchronous Sessions clean-up phase starting NOW
[INFO  - 2017-04-21T09:23:31.573Z] SessionManagerReqHand - _cleanupWindowlessSessions - Asynchronous Sessions clean-up phase starting NOW
[INFO  - 2017-04-21T09:28:31.574Z] SessionManagerReqHand - _cleanupWindowlessSessions - Asynchronous Sessions clean-up phase starting NOW
[INFO  - 2017-04-21T09:33:31.574Z] SessionManagerReqHand - _cleanupWindowlessSessions - Asynchronous Sessions clean-up phase starting NOW
[INFO  - 2017-04-21T09:38:31.574Z] SessionManagerReqHand - _cleanupWindowlessSessions - Asynchronous Sessions clean-up phase starting NOW
[INFO  - 2017-04-21T09:43:31.575Z] SessionManagerReqHand - _cleanupWindowlessSessions - Asynchronous Sessions clean-up phase starting NOW
[INFO  - 2017-04-21T09:48:31.574Z] SessionManagerReqHand - _cleanupWindowlessSessions - Asynchronous Sessions clean-up phase starting NOW
